<?xml version="1.0" encoding="UTF-8"?>
<!-- Generated by org.testng.reporters.JUnitXMLReporter -->
<testsuite ignored="0" hostname="DESKTOP-B9VC6MV" failures="0" tests="10" name="ValidPost" time="2.227" errors="0" timestamp="2023-09-24T21:45:39 ICT">
  <testcase classname="com.api.auto.testcase.TC_API_CreateWork" name="@BeforeClass init" time="0.006">
    <failure type="java.lang.IllegalArgumentException" message="Header value cannot be null">
      <![CDATA[java.lang.IllegalArgumentException: Header value cannot be null
at org.codehaus.groovy.runtime.callsite.ConstructorSite$ConstructorSiteNoUnwrap.callConstructor(ConstructorSite.java:84)
at org.codehaus.groovy.runtime.callsite.CallSiteArray.defaultCallConstructor(CallSiteArray.java:59)
at org.codehaus.groovy.runtime.callsite.AbstractCallSite.callConstructor(AbstractCallSite.java:263)
at org.codehaus.groovy.runtime.callsite.AbstractCallSite.callConstructor(AbstractCallSite.java:277)
at io.restassured.internal.common.assertion.AssertParameter.notNull(AssertParameter.groovy:26)
at io.restassured.internal.common.assertion.AssertParameter$notNull.callStatic(Unknown Source)
at org.codehaus.groovy.runtime.callsite.CallSiteArray.defaultCallStatic(CallSiteArray.java:55)
at io.restassured.internal.common.assertion.AssertParameter$notNull.callStatic(Unknown Source)
at io.restassured.internal.RequestSpecificationImpl.header(RequestSpecificationImpl.groovy:845)
at com.api.auto.testcase.TC_API_CreateWork.init(TC_API_CreateWork.java:45)
at java.base/java.util.ArrayList.forEach(ArrayList.java:1511)
... Removed 28 stack frames]]>
    </failure>
  </testcase> <!-- @BeforeClass init -->
  <testcase classname="com.api.auto.testcase.TC_API_Login" name="TC01_Validate200Ok" time="0.012"/>
  <testcase classname="com.api.auto.testcase.TC_API_Login" name="TC02_ValidateMessage" time="0.396"/>
  <testcase classname="com.api.auto.testcase.TC_API_Login" name="TC03_ValidateToken" time="0.021"/>
  <testcase classname="com.api.auto.testcase.TC_API_Login" name="TC05_ValidateUserType" time="0.013"/>
  <testcase classname="com.api.auto.testcase.TC_API_Login" name="TC06_ValidateAccount" time="0.018"/>
  <testcase classname="com.api.auto.testcase.TC_API_CreateWork" name="TC01_Validate201Created" time="0.0">
    <skipped/>
  </testcase> <!-- TC01_Validate201Created -->
  <testcase classname="com.api.auto.testcase.TC_API_CreateWork" name="TC02_ValidateWorkId" time="0.0">
    <skipped/>
  </testcase> <!-- TC02_ValidateWorkId -->
  <testcase classname="com.api.auto.testcase.TC_API_CreateWork" name="TC03_ValidateNameOfWorkMatched" time="0.0">
    <skipped/>
  </testcase> <!-- TC03_ValidateNameOfWorkMatched -->
  <testcase classname="com.api.auto.testcase.TC_API_CreateWork" name="TC03_ValidateExperienceMatched" time="0.0">
    <skipped/>
  </testcase> <!-- TC03_ValidateExperienceMatched -->
  <testcase classname="com.api.auto.testcase.TC_API_CreateWork" name="TC03_ValidateEducationMatched" time="0.0">
    <skipped/>
  </testcase> <!-- TC03_ValidateEducationMatched -->
</testsuite> <!-- ValidPost -->
