<?xml version="1.0" encoding="UTF-8"?>
<testng-results ignored="0" total="5" passed="5" failed="0" skipped="0">
  <reporter-output>
  </reporter-output>
  <suite started-at="2023-09-24T21:56:00 ICT" name="Default suite" finished-at="2023-09-24T21:56:02 ICT" duration-ms="2049">
    <groups>
    </groups>
    <test started-at="2023-09-24T21:56:00 ICT" name="Default test" finished-at="2023-09-24T21:56:02 ICT" duration-ms="2049">
      <class name="com.api.auto.testcase.TC_API_CreateWork">
        <test-method is-config="true" signature="init()[pri:0, instance:com.api.auto.testcase.TC_API_CreateWork@1d2adfbe]" started-at="2023-09-24T21:56:00 ICT" name="init" finished-at="2023-09-24T21:56:01 ICT" duration-ms="1600" status="PASS">
          <reporter-output>
          </reporter-output>
        </test-method> <!-- init -->
        <test-method signature="TC01_Validate201Created()[pri:0, instance:com.api.auto.testcase.TC_API_CreateWork@1d2adfbe]" started-at="2023-09-24T21:56:01 ICT" name="TC01_Validate201Created" finished-at="2023-09-24T21:56:01 ICT" duration-ms="10" status="PASS">
          <reporter-output>
          </reporter-output>
        </test-method> <!-- TC01_Validate201Created -->
        <test-method signature="TC02_ValidateWorkId()[pri:1, instance:com.api.auto.testcase.TC_API_CreateWork@1d2adfbe]" started-at="2023-09-24T21:56:01 ICT" name="TC02_ValidateWorkId" finished-at="2023-09-24T21:56:01 ICT" duration-ms="1" status="PASS">
          <reporter-output>
          </reporter-output>
        </test-method> <!-- TC02_ValidateWorkId -->
        <test-method signature="TC03_ValidateNameOfWorkMatched()[pri:2, instance:com.api.auto.testcase.TC_API_CreateWork@1d2adfbe]" started-at="2023-09-24T21:56:01 ICT" name="TC03_ValidateNameOfWorkMatched" finished-at="2023-09-24T21:56:02 ICT" duration-ms="370" status="PASS">
          <reporter-output>
          </reporter-output>
        </test-method> <!-- TC03_ValidateNameOfWorkMatched -->
        <test-method signature="TC03_ValidateExperienceMatched()[pri:3, instance:com.api.auto.testcase.TC_API_CreateWork@1d2adfbe]" started-at="2023-09-24T21:56:02 ICT" name="TC03_ValidateExperienceMatched" finished-at="2023-09-24T21:56:02 ICT" duration-ms="11" status="PASS">
          <reporter-output>
          </reporter-output>
        </test-method> <!-- TC03_ValidateExperienceMatched -->
        <test-method signature="TC03_ValidateEducationMatched()[pri:4, instance:com.api.auto.testcase.TC_API_CreateWork@1d2adfbe]" started-at="2023-09-24T21:56:02 ICT" name="TC03_ValidateEducationMatched" finished-at="2023-09-24T21:56:02 ICT" duration-ms="11" status="PASS">
          <reporter-output>
          </reporter-output>
        </test-method> <!-- TC03_ValidateEducationMatched -->
      </class> <!-- com.api.auto.testcase.TC_API_CreateWork -->
    </test> <!-- Default test -->
  </suite> <!-- Default suite -->
</testng-results>
